--------------------
./configure
2013年 05月 16日 星期四 15:49:19 CST

=== ztest28065.c ===
extern int getchar();
int hello() {return getchar();}
===
gcc -c -O2 -fomit-frame-pointer -pipe ztest28065.c
... using gcc

Checking for shared library support...
=== ztest28065.c ===
extern int getchar();
int hello() {return getchar();}
===
gcc -w -c -O2 -fomit-frame-pointer -pipe -fPIC ztest28065.c
gcc -shared -Wl,-soname,libz.so.1,--version-script,zlib.map -O2 -fomit-frame-pointer -pipe -fPIC -o ztest28065.so ztest28065.o
Building shared library libz.so.1.2.7 with gcc.


=== ztest28065.c ===
#include <sys/types.h>
off64_t dummy = 0;
===
gcc -c -O2 -fomit-frame-pointer -pipe -D_LARGEFILE64_SOURCE=1 ztest28065.c
Checking for off64_t... Yes.
Checking for fseeko... Yes.

=== ztest28065.c ===
#include <string.h>
#include <errno.h>
int main() { return strlen(strerror(errno)); }
===
gcc -O2 -fomit-frame-pointer -pipe -D_LARGEFILE64_SOURCE=1 -o ztest28065 ztest28065.c
Checking for strerror... Yes.

=== ztest28065.c ===
#include <unistd.h>
int main() { return 0; }
===
gcc -c -O2 -fomit-frame-pointer -pipe -D_LARGEFILE64_SOURCE=1 ztest28065.c
Checking for unistd.h... Yes.

=== ztest28065.c ===
#include <stdarg.h>
int main() { return 0; }
===
gcc -c -O2 -fomit-frame-pointer -pipe -D_LARGEFILE64_SOURCE=1 ztest28065.c
Checking for stdarg.h... Yes.

=== ztest28065.c ===
#include <stdio.h>
#include <stdarg.h>
#include "zconf.h"
int main()
{
#ifndef STDC
  choke me
#endif
  return 0;
}
===
gcc -c -O2 -fomit-frame-pointer -pipe -D_LARGEFILE64_SOURCE=1 ztest28065.c
Checking whether to use vs[n]printf() or s[n]printf()... using vs[n]printf().

=== ztest28065.c ===
#include <stdio.h>
#include <stdarg.h>
int mytest(const char *fmt, ...)
{
  char buf[20];
  va_list ap;
  va_start(ap, fmt);
  vsnprintf(buf, sizeof(buf), fmt, ap);
  va_end(ap);
  return 0;
}
int main()
{
  return (mytest("Hello%d\n", 1));
}
===
gcc -O2 -fomit-frame-pointer -pipe -D_LARGEFILE64_SOURCE=1 -o ztest28065 ztest28065.c
Checking for vsnprintf() in stdio.h... Yes.

=== ztest28065.c ===
#include <stdio.h>
#include <stdarg.h>
int mytest(const char *fmt, ...)
{
  int n;
  char buf[20];
  va_list ap;
  va_start(ap, fmt);
  n = vsnprintf(buf, sizeof(buf), fmt, ap);
  va_end(ap);
  return n;
}
int main()
{
  return (mytest("Hello%d\n", 1));
}
===
gcc -c -O2 -fomit-frame-pointer -pipe -D_LARGEFILE64_SOURCE=1 ztest28065.c
Checking for return value of vsnprintf()... Yes.

=== ztest28065.c ===
#define ZLIB_INTERNAL __attribute__((visibility ("hidden")))
int ZLIB_INTERNAL foo;
int main()
{
  return 0;
}
===
gcc -c -O2 -fomit-frame-pointer -pipe -D_LARGEFILE64_SOURCE=1 ztest28065.c
Checking for attribute(visibility) support... Yes.

=== ztest28065.c ===
#include <stdio.h>
#define is32(n,t) for(n=1,k=0;n;n<<=1,k++);if(k==32){puts(t);return 0;}
int main() {
    int k;
    unsigned i;
    unsigned long l;
    unsigned short s;
    is32(i, "unsigned")
    is32(l, "unsigned long")
    is32(s, "unsigned short")
    return 1;
}
===
gcc -O2 -fomit-frame-pointer -pipe -D_LARGEFILE64_SOURCE=1 -DHAVE_HIDDEN ztest28065.c -o ztest28065
Looking for a four-byte integer type... Found.

ALL = static shared all64
AR = ar
ARFLAGS = rc
CC = gcc
CFLAGS = -O2 -fomit-frame-pointer -pipe -D_LARGEFILE64_SOURCE=1 -DHAVE_HIDDEN
CPP = gcc -E
EXE =
LDCONFIG = ldconfig
LDFLAGS =
LDSHARED = gcc -shared -Wl,-soname,libz.so.1,--version-script,zlib.map
LDSHAREDLIBC = -lc
OBJC = $(OBJZ) $(OBJG)
PIC_OBJC = $(PIC_OBJZ) $(PIC_OBJG)
RANLIB = ranlib
SFLAGS = -O2 -fomit-frame-pointer -pipe -fPIC -D_LARGEFILE64_SOURCE=1 -DHAVE_HIDDEN
SHAREDLIB = libz.so
SHAREDLIBM = libz.so.1
SHAREDLIBV = libz.so.1.2.7
STATICLIB = libz.a
TEST = all teststatic testshared test64
VER = 1.2.7
Z_U4 = unsigned
exec_prefix = ${prefix}
includedir = ${prefix}/include
libdir = ${exec_prefix}/lib
mandir = ${prefix}/share/man
prefix = /usr/local
sharedlibdir = ${libdir}
uname = Linux
--------------------


